2020/07/21 02:28:43 Listening on [::]:2021
2020/07/21 02:28:46 /api/renew: 403 127.0.0.1 <nil>
2020/07/21 02:29:36 Caught signal interrupt: shutting down.
2020/07/21 02:29:36 accept tcp [::]:2021: use of closed network connection
2020/07/21 02:30:03 Listening on [::]:2021
2020/07/21 02:30:59 /api/renew: 403 127.0.0.1 <nil>
2020/07/21 02:33:34 Caught signal interrupt: shutting down.
2020/07/21 02:33:34 accept tcp [::]:2021: use of closed network connection
2020/07/21 03:06:48 Listening on [::]:2021
2020/07/21 03:12:09 /api/renew: 403 127.0.0.1 <nil>
2020/07/21 04:26:22 Listening on [::]:2021
2020/07/22 04:10:41 Listening on [::]:2021
2020/07/22 16:57:20 Listening on [::]:2021
2020/07/23 03:07:31 Listening on [::]:2021
2020/07/23 03:09:54 Caught signal interrupt: shutting down.
2020/07/23 03:10:36 Listening on [::]:2021
2020/07/23 03:11:12 Caught signal interrupt: shutting down.
2020/07/23 03:11:12 accept tcp [::]:2021: use of closed network connection
2020/07/23 03:14:43 Listening on [::]:2021
2020/07/23 03:15:23 Listening on [::]:2021
2020/07/23 03:46:20 Caught signal terminated: shutting down.
2020/07/23 14:24:50 Listening on [::]:2021
2020/07/24 21:38:15 Listening on [::]:2021
2020/07/26 03:40:35 Listening on [::]:2021
2020/07/26 15:25:52 Listening on [::]:2021
